# JRE version: OpenJDK Runtime Environment (8.0_112-b06) (build 1.8.0_112-release-b06)
# Java VM: OpenJDK 64-Bit Server VM (25.112-b06 mixed mode linux-amd64 compressed oops)
Heap:
 PSYoungGen      total 349696K, used 0K [0x00000000e0000000, 0x0000000100000000, 0x0000000100000000)
  eden space 175104K, 0% used [0x00000000e0000000,0x00000000e0000000,0x00000000eab00000)
  from space 174592K, 0% used [0x00000000eab00000,0x00000000eab00000,0x00000000f5580000)
  to   space 174592K, 0% used [0x00000000f5580000,0x00000000f5580000,0x0000000100000000)
 ParOldGen       total 754688K, used 356977K [0x00000000a0000000, 0x00000000ce100000, 0x00000000e0000000)
  object space 754688K, 47% used [0x00000000a0000000,0x00000000b5c9c4d0,0x00000000ce100000)
 Metaspace       used 99120K, capacity 103218K, committed 103808K, reserved 1140736K
  class space    used 12126K, capacity 12959K, committed 13184K, reserved 1048576K
GC Heap History (10 events):
Event: 5884.227 GC heap after
Heap after GC invocations=309 (full 18):
 PSYoungGen      total 363008K, used 120386K [0x00000000e0000000, 0x0000000100000000, 0x0000000100000000)
  eden space 242176K, 0% used [0x00000000e0000000,0x00000000e0000000,0x00000000eec80000)
  from space 120832K, 99% used [0x00000000eec80000,0x00000000f6210988,0x00000000f6280000)
  to   space 156672K, 0% used [0x00000000f6700000,0x00000000f6700000,0x0000000100000000)
 ParOldGen       total 736768K, used 623284K [0x00000000a0000000, 0x00000000ccf80000, 0x00000000e0000000)
  object space 736768K, 84% used [0x00000000a0000000,0x00000000c60ad120,0x00000000ccf80000)
 Metaspace       used 99202K, capacity 103494K, committed 103808K, reserved 1140736K
  class space    used 12149K, capacity 13045K, committed 13184K, reserved 1048576K
}
Event: 5884.477 GC heap before
{Heap before GC invocations=310 (full 18):
 PSYoungGen      total 363008K, used 362562K [0x00000000e0000000, 0x0000000100000000, 0x0000000100000000)
  eden space 242176K, 100% used [0x00000000e0000000,0x00000000eec80000,0x00000000eec80000)
  from space 120832K, 99% used [0x00000000eec80000,0x00000000f6210988,0x00000000f6280000)
  to   space 156672K, 0% used [0x00000000f6700000,0x00000000f6700000,0x0000000100000000)
 ParOldGen       total 736768K, used 623284K [0x00000000a0000000, 0x00000000ccf80000, 0x00000000e0000000)
  object space 736768K, 84% used [0x00000000a0000000,0x00000000c60ad220,0x00000000ccf80000)
 Metaspace       used 99202K, capacity 103494K, committed 103808K, reserved 1140736K
  class space    used 12149K, capacity 13045K, committed 13184K, reserved 1048576K
Event: 5884.609 GC heap after
Heap after GC invocations=310 (full 18):
 PSYoungGen      total 331776K, used 156656K [0x00000000e0000000, 0x0000000100000000, 0x0000000100000000)
  eden space 175104K, 0% used [0x00000000e0000000,0x00000000e0000000,0x00000000eab00000)
  from space 156672K, 99% used [0x00000000f6700000,0x00000000ffffc040,0x0000000100000000)
  to   space 174592K, 0% used [0x00000000eab00000,0x00000000eab00000,0x00000000f5580000)
 ParOldGen       total 736768K, used 631934K [0x00000000a0000000, 0x00000000ccf80000, 0x00000000e0000000)
  object space 736768K, 85% used [0x00000000a0000000,0x00000000c691f848,0x00000000ccf80000)
 Metaspace       used 99202K, capacity 103494K, committed 103808K, reserved 1140736K
  class space    used 12149K, capacity 13045K, committed 13184K, reserved 1048576K
}
Event: 5884.806 GC heap before
{Heap before GC invocations=311 (full 18):
 PSYoungGen      total 331776K, used 331760K [0x00000000e0000000, 0x0000000100000000, 0x0000000100000000)
  eden space 175104K, 100% used [0x00000000e0000000,0x00000000eab00000,0x00000000eab00000)
  from space 156672K, 99% used [0x00000000f6700000,0x00000000ffffc040,0x0000000100000000)
  to   space 174592K, 0% used [0x00000000eab00000,0x00000000eab00000,0x00000000f5580000)
 ParOldGen       total 736768K, used 631936K [0x00000000a0000000, 0x00000000ccf80000, 0x00000000e0000000)
  object space 736768K, 85% used [0x00000000a0000000,0x00000000c6920118,0x00000000ccf80000)
 Metaspace       used 99202K, capacity 103494K, committed 103808K, reserved 1140736K
  class space    used 12149K, capacity 13045K, committed 13184K, reserved 1048576K
Event: 5884.937 GC heap after
Heap after GC invocations=311 (full 18):
 PSYoungGen      total 349696K, used 174576K [0x00000000e0000000, 0x0000000100000000, 0x0000000100000000)
  eden space 175104K, 0% used [0x00000000e0000000,0x00000000e0000000,0x00000000eab00000)
  from space 174592K, 99% used [0x00000000eab00000,0x00000000f557c020,0x00000000f5580000)
  to   space 174592K, 0% used [0x00000000f5580000,0x00000000f5580000,0x0000000100000000)
 ParOldGen       total 736768K, used 645046K [0x00000000a0000000, 0x00000000ccf80000, 0x00000000e0000000)
  object space 736768K, 87% used [0x00000000a0000000,0x00000000c75edab0,0x00000000ccf80000)
 Metaspace       used 99202K, capacity 103494K, committed 103808K, reserved 1140736K
  class space    used 12149K, capacity 13045K, committed 13184K, reserved 1048576K
}
Event: 5885.129 GC heap before
{Heap before GC invocations=312 (full 18):
 PSYoungGen      total 349696K, used 349680K [0x00000000e0000000, 0x0000000100000000, 0x0000000100000000)
  eden space 175104K, 100% used [0x00000000e0000000,0x00000000eab00000,0x00000000eab00000)
  from space 174592K, 99% used [0x00000000eab00000,0x00000000f557c020,0x00000000f5580000)
  to   space 174592K, 0% used [0x00000000f5580000,0x00000000f5580000,0x0000000100000000)
 ParOldGen       total 736768K, used 645049K [0x00000000a0000000, 0x00000000ccf80000, 0x00000000e0000000)
  object space 736768K, 87% used [0x00000000a0000000,0x00000000c75ee400,0x00000000ccf80000)
 Metaspace       used 99202K, capacity 103494K, committed 103808K, reserved 1140736K
  class space    used 12149K, capacity 13045K, committed 13184K, reserved 1048576K
Event: 5885.280 GC heap after
Heap after GC invocations=312 (full 18):
 PSYoungGen      total 349696K, used 174560K [0x00000000e0000000, 0x0000000100000000, 0x0000000100000000)
  eden space 175104K, 0% used [0x00000000e0000000,0x00000000e0000000,0x00000000eab00000)
  from space 174592K, 99% used [0x00000000f5580000,0x00000000ffff8010,0x0000000100000000)
  to   space 174592K, 0% used [0x00000000eab00000,0x00000000eab00000,0x00000000f5580000)
 ParOldGen       total 736768K, used 681430K [0x00000000a0000000, 0x00000000ccf80000, 0x00000000e0000000)
  object space 736768K, 92% used [0x00000000a0000000,0x00000000c9975aa0,0x00000000ccf80000)
 Metaspace       used 99202K, capacity 103494K, committed 103808K, reserved 1140736K
  class space    used 12149K, capacity 13045K, committed 13184K, reserved 1048576K
}
Event: 5885.574 GC heap before
{Heap before GC invocations=313 (full 18):
 PSYoungGen      total 349696K, used 349664K [0x00000000e0000000, 0x0000000100000000, 0x0000000100000000)
  eden space 175104K, 100% used [0x00000000e0000000,0x00000000eab00000,0x00000000eab00000)
  from space 174592K, 99% used [0x00000000f5580000,0x00000000ffff8010,0x0000000100000000)
  to   space 174592K, 0% used [0x00000000eab00000,0x00000000eab00000,0x00000000f5580000)
 ParOldGen       total 736768K, used 681432K [0x00000000a0000000, 0x00000000ccf80000, 0x00000000e0000000)
  object space 736768K, 92% used [0x00000000a0000000,0x00000000c9976168,0x00000000ccf80000)
 Metaspace       used 99202K, capacity 103494K, committed 103808K, reserved 1140736K
  class space    used 12149K, capacity 13045K, committed 13184K, reserved 1048576K
Event: 5885.741 GC heap after
Heap after GC invocations=313 (full 18):
 PSYoungGen      total 349696K, used 132288K [0x00000000e0000000, 0x0000000100000000, 0x0000000100000000)
  eden space 175104K, 0% used [0x00000000e0000000,0x00000000e0000000,0x00000000eab00000)
  from space 174592K, 75% used [0x00000000eab00000,0x00000000f2c30010,0x00000000f5580000)
  to   space 174592K, 0% used [0x00000000f5580000,0x00000000f5580000,0x0000000100000000)
 ParOldGen       total 754688K, used 754352K [0x00000000a0000000, 0x00000000ce100000, 0x00000000e0000000)
  object space 754688K, 99% used [0x00000000a0000000,0x00000000ce0ac168,0x00000000ce100000)
 Metaspace       used 99202K, capacity 103494K, committed 103808K, reserved 1140736K
  class space    used 12149K, capacity 13045K, committed 13184K, reserved 1048576K
}
Event: 5885.741 GC heap before
{Heap before GC invocations=314 (full 19):
 PSYoungGen      total 349696K, used 132288K [0x00000000e0000000, 0x0000000100000000, 0x0000000100000000)
  eden space 175104K, 0% used [0x00000000e0000000,0x00000000e0000000,0x00000000eab00000)
  from space 174592K, 75% used [0x00000000eab00000,0x00000000f2c30010,0x00000000f5580000)
  to   space 174592K, 0% used [0x00000000f5580000,0x00000000f5580000,0x0000000100000000)
 ParOldGen       total 754688K, used 754352K [0x00000000a0000000, 0x00000000ce100000, 0x00000000e0000000)
  object space 754688K, 99% used [0x00000000a0000000,0x00000000ce0ac168,0x00000000ce100000)
 Metaspace       used 99202K, capacity 103494K, committed 103808K, reserved 1140736K
  class space    used 12149K, capacity 13045K, committed 13184K, reserved 1048576K

